This is pdfTeX, Version 3.141592653-2.6-1.40.26 (TeX Live 2024/nixos.org) (preloaded format=pdflatex 1980.1.1)  18 JAN 2025 07:25
entering extended mode
 restricted \write18 enabled.
 %&-line parsing enabled.
**document.tex
(./document.tex
LaTeX2e <2024-06-01> patch level 2
L3 programming layer <2024-10-09>

(/nix/store/mqj8m91liz5r381xj7x41whs4cfzj99n-texlive-combined-full-2024.2024102
7-texmfdist/tex/latex/base/article.cls
Document Class: article 2024/02/08 v1.4n Standard LaTeX document class

(/nix/store/mqj8m91liz5r381xj7x41whs4cfzj99n-texlive-combined-full-2024.2024102
7-texmfdist/tex/latex/base/size10.clo
File: size10.clo 2024/02/08 v1.4n Standard LaTeX file (size option)
)
\c@part=\count194
\c@section=\count195
\c@subsection=\count196
\c@subsubsection=\count197
\c@paragraph=\count198
\c@subparagraph=\count199
\c@figure=\count266
\c@table=\count267
\abovecaptionskip=\skip49
\belowcaptionskip=\skip50
\bibindent=\dimen141
)
(/nix/store/mqj8m91liz5r381xj7x41whs4cfzj99n-texlive-combined-full-2024.2024102
7-texmfdist/tex/latex/base/inputenc.sty
Package: inputenc 2024/02/08 v1.3d Input encoding file
\inpenc@prehook=\toks17
\inpenc@posthook=\toks18
)
(/nix/store/mqj8m91liz5r381xj7x41whs4cfzj99n-texlive-combined-full-2024.2024102
7-texmfdist/tex/latex/geometry/geometry.sty
Package: geometry 2020/01/02 v5.9 Page Geometry

(/nix/store/mqj8m91liz5r381xj7x41whs4cfzj99n-texlive-combined-full-2024.2024102
7-texmfdist/tex/latex/graphics/keyval.sty
Package: keyval 2022/05/29 v1.15 key=value parser (DPC)
\KV@toks@=\toks19
)
(/nix/store/mqj8m91liz5r381xj7x41whs4cfzj99n-texlive-combined-full-2024.2024102
7-texmfdist/tex/generic/iftex/ifvtex.sty
Package: ifvtex 2019/10/25 v1.7 ifvtex legacy package. Use iftex instead.

(/nix/store/mqj8m91liz5r381xj7x41whs4cfzj99n-texlive-combined-full-2024.2024102
7-texmfdist/tex/generic/iftex/iftex.sty
Package: iftex 2022/02/03 v1.0f TeX engine tests
))
\Gm@cnth=\count268
\Gm@cntv=\count269
\c@Gm@tempcnt=\count270
\Gm@bindingoffset=\dimen142
\Gm@wd@mp=\dimen143
\Gm@odd@mp=\dimen144
\Gm@even@mp=\dimen145
\Gm@layoutwidth=\dimen146
\Gm@layoutheight=\dimen147
\Gm@layouthoffset=\dimen148
\Gm@layoutvoffset=\dimen149
\Gm@dimlist=\toks20
)
(/nix/store/mqj8m91liz5r381xj7x41whs4cfzj99n-texlive-combined-full-2024.2024102
7-texmfdist/tex/latex/xcolor/xcolor.sty
Package: xcolor 2024/09/29 v3.02 LaTeX color extensions (UK)

(/nix/store/mqj8m91liz5r381xj7x41whs4cfzj99n-texlive-combined-full-2024.2024102
7-texmfdist/tex/latex/graphics-cfg/color.cfg
File: color.cfg 2016/01/02 v1.6 sample color configuration
)
Package xcolor Info: Driver file: pdftex.def on input line 274.

(/nix/store/mqj8m91liz5r381xj7x41whs4cfzj99n-texlive-combined-full-2024.2024102
7-texmfdist/tex/latex/graphics-def/pdftex.def
File: pdftex.def 2024/04/13 v1.2c Graphics/color driver for pdftex
)
(/nix/store/mqj8m91liz5r381xj7x41whs4cfzj99n-texlive-combined-full-2024.2024102
7-texmfdist/tex/latex/graphics/mathcolor.ltx)
Package xcolor Info: Model `cmy' substituted by `cmy0' on input line 1349.
Package xcolor Info: Model `hsb' substituted by `rgb' on input line 1353.
Package xcolor Info: Model `RGB' extended on input line 1365.
Package xcolor Info: Model `HTML' substituted by `rgb' on input line 1367.
Package xcolor Info: Model `Hsb' substituted by `hsb' on input line 1368.
Package xcolor Info: Model `tHsb' substituted by `hsb' on input line 1369.
Package xcolor Info: Model `HSB' substituted by `hsb' on input line 1370.
Package xcolor Info: Model `Gray' substituted by `gray' on input line 1371.
Package xcolor Info: Model `wave' substituted by `hsb' on input line 1372.
)
(/nix/store/mqj8m91liz5r381xj7x41whs4cfzj99n-texlive-combined-full-2024.2024102
7-texmfdist/tex/latex/hyperref/hyperref.sty
Package: hyperref 2024-07-10 v7.01j Hypertext links for LaTeX

(/nix/store/mqj8m91liz5r381xj7x41whs4cfzj99n-texlive-combined-full-2024.2024102
7-texmfdist/tex/latex/kvsetkeys/kvsetkeys.sty
Package: kvsetkeys 2022-10-05 v1.19 Key value parser (HO)
)
(/nix/store/mqj8m91liz5r381xj7x41whs4cfzj99n-texlive-combined-full-2024.2024102
7-texmfdist/tex/generic/kvdefinekeys/kvdefinekeys.sty
Package: kvdefinekeys 2019-12-19 v1.6 Define keys (HO)
)
(/nix/store/mqj8m91liz5r381xj7x41whs4cfzj99n-texlive-combined-full-2024.2024102
7-texmfdist/tex/generic/pdfescape/pdfescape.sty
Package: pdfescape 2019/12/09 v1.15 Implements pdfTeX's escape features (HO)

(/nix/store/mqj8m91liz5r381xj7x41whs4cfzj99n-texlive-combined-full-2024.2024102
7-texmfdist/tex/generic/ltxcmds/ltxcmds.sty
Package: ltxcmds 2023-12-04 v1.26 LaTeX kernel commands for general use (HO)
)
(/nix/store/mqj8m91liz5r381xj7x41whs4cfzj99n-texlive-combined-full-2024.2024102
7-texmfdist/tex/generic/pdftexcmds/pdftexcmds.sty
Package: pdftexcmds 2020-06-27 v0.33 Utility functions of pdfTeX for LuaTeX (HO
)

(/nix/store/mqj8m91liz5r381xj7x41whs4cfzj99n-texlive-combined-full-2024.2024102
7-texmfdist/tex/generic/infwarerr/infwarerr.sty
Package: infwarerr 2019/12/03 v1.5 Providing info/warning/error messages (HO)
)
Package pdftexcmds Info: \pdf@primitive is available.
Package pdftexcmds Info: \pdf@ifprimitive is available.
Package pdftexcmds Info: \pdfdraftmode found.
))
(/nix/store/mqj8m91liz5r381xj7x41whs4cfzj99n-texlive-combined-full-2024.2024102
7-texmfdist/tex/latex/hycolor/hycolor.sty
Package: hycolor 2020-01-27 v1.10 Color options for hyperref/bookmark (HO)
)
(/nix/store/mqj8m91liz5r381xj7x41whs4cfzj99n-texlive-combined-full-2024.2024102
7-texmfdist/tex/latex/hyperref/nameref.sty
Package: nameref 2023-11-26 v2.56 Cross-referencing by name of section

(/nix/store/mqj8m91liz5r381xj7x41whs4cfzj99n-texlive-combined-full-2024.2024102
7-texmfdist/tex/latex/refcount/refcount.sty
Package: refcount 2019/12/15 v3.6 Data extraction from label references (HO)
)
(/nix/store/mqj8m91liz5r381xj7x41whs4cfzj99n-texlive-combined-full-2024.2024102
7-texmfdist/tex/generic/gettitlestring/gettitlestring.sty
Package: gettitlestring 2019/12/15 v1.6 Cleanup title references (HO)

(/nix/store/mqj8m91liz5r381xj7x41whs4cfzj99n-texlive-combined-full-2024.2024102
7-texmfdist/tex/latex/kvoptions/kvoptions.sty
Package: kvoptions 2022-06-15 v3.15 Key value format for package options (HO)
))
\c@section@level=\count271
)
(/nix/store/mqj8m91liz5r381xj7x41whs4cfzj99n-texlive-combined-full-2024.2024102
7-texmfdist/tex/latex/etoolbox/etoolbox.sty
Package: etoolbox 2020/10/05 v2.5k e-TeX tools for LaTeX (JAW)
\etb@tempcnta=\count272
)
(/nix/store/mqj8m91liz5r381xj7x41whs4cfzj99n-texlive-combined-full-2024.2024102
7-texmfdist/tex/generic/stringenc/stringenc.sty
Package: stringenc 2019/11/29 v1.12 Convert strings between diff. encodings (HO
)
)
\@linkdim=\dimen150
\Hy@linkcounter=\count273
\Hy@pagecounter=\count274

(/nix/store/mqj8m91liz5r381xj7x41whs4cfzj99n-texlive-combined-full-2024.2024102
7-texmfdist/tex/latex/hyperref/pd1enc.def
File: pd1enc.def 2024-07-10 v7.01j Hyperref: PDFDocEncoding definition (HO)
Now handling font encoding PD1 ...
... no UTF-8 mapping file for font encoding PD1
)
(/nix/store/mqj8m91liz5r381xj7x41whs4cfzj99n-texlive-combined-full-2024.2024102
7-texmfdist/tex/generic/intcalc/intcalc.sty
Package: intcalc 2019/12/15 v1.3 Expandable calculations with integers (HO)
)
\Hy@SavedSpaceFactor=\count275

(/nix/store/mqj8m91liz5r381xj7x41whs4cfzj99n-texlive-combined-full-2024.2024102
7-texmfdist/tex/latex/hyperref/puenc.def
File: puenc.def 2024-07-10 v7.01j Hyperref: PDF Unicode definition (HO)
Now handling font encoding PU ...
... no UTF-8 mapping file for font encoding PU
)
Package hyperref Info: Hyper figures OFF on input line 4157.
Package hyperref Info: Link nesting OFF on input line 4162.
Package hyperref Info: Hyper index ON on input line 4165.
Package hyperref Info: Plain pages OFF on input line 4172.
Package hyperref Info: Backreferencing OFF on input line 4177.
Package hyperref Info: Implicit mode ON; LaTeX internals redefined.
Package hyperref Info: Bookmarks ON on input line 4424.
\c@Hy@tempcnt=\count276

(/nix/store/mqj8m91liz5r381xj7x41whs4cfzj99n-texlive-combined-full-2024.2024102
7-texmfdist/tex/latex/url/url.sty
\Urlmuskip=\muskip17
Package: url 2013/09/16  ver 3.4  Verb mode for urls, etc.
)
LaTeX Info: Redefining \url on input line 4763.
\XeTeXLinkMargin=\dimen151

(/nix/store/mqj8m91liz5r381xj7x41whs4cfzj99n-texlive-combined-full-2024.2024102
7-texmfdist/tex/generic/bitset/bitset.sty
Package: bitset 2019/12/09 v1.3 Handle bit-vector datatype (HO)

(/nix/store/mqj8m91liz5r381xj7x41whs4cfzj99n-texlive-combined-full-2024.2024102
7-texmfdist/tex/generic/bigintcalc/bigintcalc.sty
Package: bigintcalc 2019/12/15 v1.5 Expandable calculations on big integers (HO
)
))
\Fld@menulength=\count277
\Field@Width=\dimen152
\Fld@charsize=\dimen153
Package hyperref Info: Hyper figures OFF on input line 6042.
Package hyperref Info: Link nesting OFF on input line 6047.
Package hyperref Info: Hyper index ON on input line 6050.
Package hyperref Info: backreferencing OFF on input line 6057.
Package hyperref Info: Link coloring OFF on input line 6062.
Package hyperref Info: Link coloring with OCG OFF on input line 6067.
Package hyperref Info: PDF/A mode OFF on input line 6072.

(/nix/store/mqj8m91liz5r381xj7x41whs4cfzj99n-texlive-combined-full-2024.2024102
7-texmfdist/tex/latex/base/atbegshi-ltx.sty
Package: atbegshi-ltx 2021/01/10 v1.0c Emulation of the original atbegshi
package with kernel methods
)
\Hy@abspage=\count278
\c@Item=\count279
\c@Hfootnote=\count280
)
Package hyperref Info: Driver (autodetected): hpdftex.

(/nix/store/mqj8m91liz5r381xj7x41whs4cfzj99n-texlive-combined-full-2024.2024102
7-texmfdist/tex/latex/hyperref/hpdftex.def
File: hpdftex.def 2024-07-10 v7.01j Hyperref driver for pdfTeX

(/nix/store/mqj8m91liz5r381xj7x41whs4cfzj99n-texlive-combined-full-2024.2024102
7-texmfdist/tex/latex/base/atveryend-ltx.sty
Package: atveryend-ltx 2020/08/19 v1.0a Emulation of the original atveryend pac
kage
with kernel methods
)
\Fld@listcount=\count281
\c@bookmark@seq@number=\count282

(/nix/store/mqj8m91liz5r381xj7x41whs4cfzj99n-texlive-combined-full-2024.2024102
7-texmfdist/tex/latex/rerunfilecheck/rerunfilecheck.sty
Package: rerunfilecheck 2022-07-10 v1.10 Rerun checks for auxiliary files (HO)

(/nix/store/mqj8m91liz5r381xj7x41whs4cfzj99n-texlive-combined-full-2024.2024102
7-texmfdist/tex/generic/uniquecounter/uniquecounter.sty
Package: uniquecounter 2019/12/15 v1.4 Provide unlimited unique counter (HO)
)
Package uniquecounter Info: New unique counter `rerunfilecheck' on input line 2
85.
)
\Hy@SectionHShift=\skip51
)
(/nix/store/mqj8m91liz5r381xj7x41whs4cfzj99n-texlive-combined-full-2024.2024102
7-texmfdist/tex/latex/enumitem/enumitem.sty
Package: enumitem 2019/06/20 v3.9 Customized lists
\labelindent=\skip52
\enit@outerparindent=\dimen154
\enit@toks=\toks21
\enit@inbox=\box52
\enit@count@id=\count283
\enitdp@description=\count284
)
(/nix/store/mqj8m91liz5r381xj7x41whs4cfzj99n-texlive-combined-full-2024.2024102
7-texmfdist/tex/latex/titlesec/titlesec.sty
Package: titlesec 2023/10/27 v2.16 Sectioning titles
\ttl@box=\box53
\beforetitleunit=\skip53
\aftertitleunit=\skip54
\ttl@plus=\dimen155
\ttl@minus=\dimen156
\ttl@toksa=\toks22
\titlewidth=\dimen157
\titlewidthlast=\dimen158
\titlewidthfirst=\dimen159
)
(/nix/store/mqj8m91liz5r381xj7x41whs4cfzj99n-texlive-combined-full-2024.2024102
7-texmfdist/tex/latex/tools/calc.sty
Package: calc 2023/07/08 v4.3 Infix arithmetic (KKT,FJ)
\calc@Acount=\count285
\calc@Bcount=\count286
\calc@Adimen=\dimen160
\calc@Bdimen=\dimen161
\calc@Askip=\skip55
\calc@Bskip=\skip56
LaTeX Info: Redefining \setlength on input line 80.
LaTeX Info: Redefining \addtolength on input line 81.
\calc@Ccount=\count287
\calc@Cskip=\skip57
)
Package hyperref Info: Option `colorlinks' set `true' on input line 29.

(/nix/store/mqj8m91liz5r381xj7x41whs4cfzj99n-texlive-combined-full-2024.2024102
7-texmfdist/tex/latex/l3backend/l3backend-pdftex.def
File: l3backend-pdftex.def 2024-05-08 L3 backend support: PDF output (pdfTeX)
\l__color_backend_stack_int=\count288
\l__pdf_internal_box=\box54
) (./document.aux)
\openout1 = `document.aux'.

LaTeX Font Info:    Checking defaults for OML/cmm/m/it on input line 37.
LaTeX Font Info:    ... okay on input line 37.
LaTeX Font Info:    Checking defaults for OMS/cmsy/m/n on input line 37.
LaTeX Font Info:    ... okay on input line 37.
LaTeX Font Info:    Checking defaults for OT1/cmr/m/n on input line 37.
LaTeX Font Info:    ... okay on input line 37.
LaTeX Font Info:    Checking defaults for T1/cmr/m/n on input line 37.
LaTeX Font Info:    ... okay on input line 37.
LaTeX Font Info:    Checking defaults for TS1/cmr/m/n on input line 37.
LaTeX Font Info:    ... okay on input line 37.
LaTeX Font Info:    Checking defaults for OMX/cmex/m/n on input line 37.
LaTeX Font Info:    ... okay on input line 37.
LaTeX Font Info:    Checking defaults for U/cmr/m/n on input line 37.
LaTeX Font Info:    ... okay on input line 37.
LaTeX Font Info:    Checking defaults for PD1/pdf/m/n on input line 37.
LaTeX Font Info:    ... okay on input line 37.
LaTeX Font Info:    Checking defaults for PU/pdf/m/n on input line 37.
LaTeX Font Info:    ... okay on input line 37.

*geometry* driver: auto-detecting
*geometry* detected driver: pdftex
*geometry* verbose mode - [ preamble ] result:
* driver: pdftex
* paper: a4paper
* layout: <same size as paper>
* layoutoffset:(h,v)=(0.0pt,0.0pt)
* modes: 
* h-part:(L,W,R)=(8.5359pt, 580.43607pt, 8.5359pt)
* v-part:(T,H,B)=(8.5359pt, 827.97504pt, 8.5359pt)
* \paperwidth=597.50787pt
* \paperheight=845.04684pt
* \textwidth=580.43607pt
* \textheight=827.97504pt
* \oddsidemargin=-63.73409pt
* \evensidemargin=-63.73409pt
* \topmargin=-100.73409pt
* \headheight=12.0pt
* \headsep=25.0pt
* \topskip=10.0pt
* \footskip=30.0pt
* \marginparwidth=57.0pt
* \marginparsep=11.0pt
* \columnsep=10.0pt
* \skip\footins=9.0pt plus 4.0pt minus 2.0pt
* \hoffset=0.0pt
* \voffset=0.0pt
* \mag=1000
* \@twocolumnfalse
* \@twosidefalse
* \@mparswitchfalse
* \@reversemarginfalse
* (1in=72.27pt=25.4mm, 1cm=28.453pt)


(/nix/store/mqj8m91liz5r381xj7x41whs4cfzj99n-texlive-combined-full-2024.2024102
7-texmfdist/tex/context/base/mkii/supp-pdf.mkii
[Loading MPS to PDF converter (version 2006.09.02).]
\scratchcounter=\count289
\scratchdimen=\dimen162
\scratchbox=\box55
\nofMPsegments=\count290
\nofMParguments=\count291
\everyMPshowfont=\toks23
\MPscratchCnt=\count292
\MPscratchDim=\dimen163
\MPnumerator=\count293
\makeMPintoPDFobject=\count294
\everyMPtoPDFconversion=\toks24
)
Package hyperref Info: Link coloring ON on input line 37.
 (./document.out) (./document.out)
\@outlinefile=\write3
\openout3 = `document.out'.


Underfull \hbox (badness 10000) in paragraph at lines 81--82

 []



[1

{/nix/store/4nqnzkdh5hb5c5nl3gb6x6ja1b8y2fc1-texlive-combined-full-2024.2024102
7/share/texmf-var/fonts/map/pdftex/updmap/pdftex.map}{/nix/store/mqj8m91liz5r38
1xj7x41whs4cfzj99n-texlive-combined-full-2024.20241027-texmfdist/fonts/enc/dvip
s/cm-super/cm-super-ts1.enc}] (./document.aux)
 ***********
LaTeX2e <2024-06-01> patch level 2
L3 programming layer <2024-10-09>
 ***********
Package rerunfilecheck Info: File `document.out' has not changed.
(rerunfilecheck)             Checksum: 0D0F540EAE4C6F5F942BAAE765266ACF;667.
 ) 
Here is how much of TeX's memory you used:
 9765 strings out of 473577
 157184 string characters out of 5700522
 586192 words of memory out of 5000000
 32584 multiletter control sequences out of 15000+600000
 559923 words of font info for 42 fonts, out of 8000000 for 9000
 1141 hyphenation exceptions out of 8191
 75i,5n,79p,258b,436s stack positions out of 10000i,1000n,20000p,200000b,200000s
</nix/store/mqj8m91liz5r381xj7x41whs4cfzj99n-texlive-combined-full-2024.20241
027-texmfdist/fonts/type1/public/amsfonts/cm/cmbx10.pfb></nix/store/mqj8m91liz5
r381xj7x41whs4cfzj99n-texlive-combined-full-2024.20241027-texmfdist/fonts/type1
/public/amsfonts/cm/cmbx12.pfb></nix/store/mqj8m91liz5r381xj7x41whs4cfzj99n-tex
live-combined-full-2024.20241027-texmfdist/fonts/type1/public/amsfonts/cm/cmr10
.pfb></nix/store/mqj8m91liz5r381xj7x41whs4cfzj99n-texlive-combined-full-2024.20
241027-texmfdist/fonts/type1/public/cm-super/sfrm1000.pfb>
Output written on document.pdf (1 page, 71033 bytes).
PDF statistics:
 68 PDF objects out of 1000 (max. 8388607)
 56 compressed objects within 1 object stream
 7 named destinations out of 1000 (max. 500000)
 41 words of extra memory for PDF output out of 10000 (max. 10000000)

